Determining if the pthread_create exist failed with the following output:
Change Dir: /home/vvi/akos/lab-2/client/cmake-build-debug/CMakeFiles/CMakeTmp

Run Build Command:"/usr/bin/make" "cmTC_6f4b8/fast"
/usr/bin/make -f CMakeFiles/cmTC_6f4b8.dir/build.make CMakeFiles/cmTC_6f4b8.dir/build
make[1]: Entering directory '/home/vvi/akos/lab-2/client/cmake-build-debug/CMakeFiles/CMakeTmp'
Building C object CMakeFiles/cmTC_6f4b8.dir/CheckSymbolExists.c.o
/usr/bin/cc     -o CMakeFiles/cmTC_6f4b8.dir/CheckSymbolExists.c.o   -c /home/vvi/akos/lab-2/client/cmake-build-debug/CMakeFiles/CMakeTmp/CheckSymbolExists.c
Linking C executable cmTC_6f4b8
/home/vvi/Software/JetBrains/clion/bin/cmake/bin/cmake -E cmake_link_script CMakeFiles/cmTC_6f4b8.dir/link.txt --verbose=1
/usr/bin/cc       CMakeFiles/cmTC_6f4b8.dir/CheckSymbolExists.c.o  -o cmTC_6f4b8 
CMakeFiles/cmTC_6f4b8.dir/CheckSymbolExists.c.o: In function `main':
CheckSymbolExists.c:(.text+0x16): undefined reference to `pthread_create'
collect2: error: ld returned 1 exit status
CMakeFiles/cmTC_6f4b8.dir/build.make:97: recipe for target 'cmTC_6f4b8' failed
make[1]: *** [cmTC_6f4b8] Error 1
make[1]: Leaving directory '/home/vvi/akos/lab-2/client/cmake-build-debug/CMakeFiles/CMakeTmp'
Makefile:126: recipe for target 'cmTC_6f4b8/fast' failed
make: *** [cmTC_6f4b8/fast] Error 2

File /home/vvi/akos/lab-2/client/cmake-build-debug/CMakeFiles/CMakeTmp/CheckSymbolExists.c:
/* */
#include <pthread.h>

int main(int argc, char** argv)
{
  (void)argv;
#ifndef pthread_create
  return ((int*)(&pthread_create))[argc];
#else
  (void)argc;
  return 0;
#endif
}

